2020-10-26 11:01:15.943 INFO [Test worker] [group.BullsCows] [checkWord] [group.BullsCows.checkWord(BullsCows.java:59)] - 
2020-10-26 11:01:15.943 INFO [Test worker] [group.BullsCows] [checkWord] [group.BullsCows.checkWord(BullsCows.java:60)] - -------------------------------------------------------
2020-10-26 11:01:15.943 INFO [Test worker] [group.BullsCows] [checkWord] [group.BullsCows.checkWord(BullsCows.java:61)] - 
2020-10-26 11:01:15.943 INFO [Test worker] [group.BullsCows] [checkWord] [group.BullsCows.checkWord(BullsCows.java:62)] - 0 turn
2020-10-26 11:01:15.943 INFO [Test worker] [group.BullsCows] [checkWord] [group.BullsCows.checkWord(BullsCows.java:63)] - Players word: java
2020-10-26 11:01:15.943 INFO [Test worker] [group.BullsCows] [checkWord] [group.BullsCows.checkWord(BullsCows.java:87)] - bulls: 3
2020-10-26 11:01:15.959 INFO [Test worker] [group.BullsCows] [checkWord] [group.BullsCows.checkWord(BullsCows.java:88)] - cows: 0
2020-10-26 11:01:15.959 INFO [Test worker] [group.BullsCows] [checkWord] [group.BullsCows.checkWord(BullsCows.java:59)] - 
2020-10-26 11:01:15.959 INFO [Test worker] [group.BullsCows] [checkWord] [group.BullsCows.checkWord(BullsCows.java:60)] - -------------------------------------------------------
2020-10-26 11:01:15.959 INFO [Test worker] [group.BullsCows] [checkWord] [group.BullsCows.checkWord(BullsCows.java:61)] - 
2020-10-26 11:01:15.959 INFO [Test worker] [group.BullsCows] [checkWord] [group.BullsCows.checkWord(BullsCows.java:62)] - 0 turn
2020-10-26 11:01:15.959 INFO [Test worker] [group.BullsCows] [checkWord] [group.BullsCows.checkWord(BullsCows.java:63)] - Players word: fish
2020-10-26 11:01:15.959 INFO [Test worker] [group.BullsCows] [checkWord] [group.BullsCows.checkWord(BullsCows.java:87)] - bulls: 0
2020-10-26 11:01:15.959 INFO [Test worker] [group.BullsCows] [checkWord] [group.BullsCows.checkWord(BullsCows.java:88)] - cows: 0
2020-10-26 11:01:15.959 INFO [Test worker] [group.BullsCows] [checkWord] [group.BullsCows.checkWord(BullsCows.java:59)] - 
2020-10-26 11:01:15.959 INFO [Test worker] [group.BullsCows] [checkWord] [group.BullsCows.checkWord(BullsCows.java:60)] - -------------------------------------------------------
2020-10-26 11:01:15.959 INFO [Test worker] [group.BullsCows] [checkWord] [group.BullsCows.checkWord(BullsCows.java:61)] - 
2020-10-26 11:01:15.959 INFO [Test worker] [group.BullsCows] [checkWord] [group.BullsCows.checkWord(BullsCows.java:62)] - 0 turn
2020-10-26 11:01:15.959 INFO [Test worker] [group.BullsCows] [checkWord] [group.BullsCows.checkWord(BullsCows.java:63)] - Players word: java
2020-10-26 11:01:15.959 INFO [Test worker] [group.BullsCows] [checkWord] [group.BullsCows.checkWord(BullsCows.java:87)] - bulls: 1
2020-10-26 11:01:15.959 INFO [Test worker] [group.BullsCows] [checkWord] [group.BullsCows.checkWord(BullsCows.java:88)] - cows: 2
2020-10-26 11:01:15.959 INFO [Test worker] [group.BullsCows] [checkWord] [group.BullsCows.checkWord(BullsCows.java:59)] - 
2020-10-26 11:01:15.959 INFO [Test worker] [group.BullsCows] [checkWord] [group.BullsCows.checkWord(BullsCows.java:60)] - -------------------------------------------------------
2020-10-26 11:01:15.959 INFO [Test worker] [group.BullsCows] [checkWord] [group.BullsCows.checkWord(BullsCows.java:61)] - 
2020-10-26 11:01:15.959 INFO [Test worker] [group.BullsCows] [checkWord] [group.BullsCows.checkWord(BullsCows.java:62)] - 0 turn
2020-10-26 11:01:15.959 INFO [Test worker] [group.BullsCows] [checkWord] [group.BullsCows.checkWord(BullsCows.java:63)] - Players word: java
2020-10-26 11:01:15.959 INFO [Test worker] [group.BullsCows] [checkWord] [group.BullsCows.checkWord(BullsCows.java:59)] - 
2020-10-26 11:01:15.959 INFO [Test worker] [group.BullsCows] [checkWord] [group.BullsCows.checkWord(BullsCows.java:60)] - -------------------------------------------------------
2020-10-26 11:01:15.959 INFO [Test worker] [group.BullsCows] [checkWord] [group.BullsCows.checkWord(BullsCows.java:61)] - 
2020-10-26 11:01:15.959 INFO [Test worker] [group.BullsCows] [checkWord] [group.BullsCows.checkWord(BullsCows.java:62)] - 0 turn
2020-10-26 11:01:15.959 INFO [Test worker] [group.BullsCows] [checkWord] [group.BullsCows.checkWord(BullsCows.java:63)] - Players word: pepega
2020-10-26 11:01:15.959 INFO [Test worker] [group.BullsCows] [checkWord] [group.BullsCows.checkWord(BullsCows.java:59)] - 
2020-10-26 11:01:15.959 INFO [Test worker] [group.BullsCows] [checkWord] [group.BullsCows.checkWord(BullsCows.java:60)] - -------------------------------------------------------
2020-10-26 11:01:15.959 INFO [Test worker] [group.BullsCows] [checkWord] [group.BullsCows.checkWord(BullsCows.java:61)] - 
2020-10-26 11:01:15.959 INFO [Test worker] [group.BullsCows] [checkWord] [group.BullsCows.checkWord(BullsCows.java:62)] - 0 turn
2020-10-26 11:01:15.959 INFO [Test worker] [group.BullsCows] [checkWord] [group.BullsCows.checkWord(BullsCows.java:63)] - Players word: kekw
